[ctf8khuyenmaivip.pro/index.html]
[backblue.gif]
[fade.gif]
[index.html]
[w.ladicdn.com/v4/source/ladipagev3.minbe7b.js]
[w.ladicdn.com/s1440x1006/66f1588fc4be0b0074e1c09a/untitled-3_0005_photo_2024-03-23_21-22-47-20250306061948-oagdw.png]
[w.ladicdn.com/s2600x1800/6556fd0e35090f0012fd2c9e/c1e4cb06ee84a94cfad366f383bacd75-20250306072013-kbcb5.png]
[w.ladicdn.com/s2600x700/6556fd0e35090f0012fd2c9e/layer-2-20250306073027-gpjgq.png]
[w.ladicdn.com/6556fd0e35090f0012fd2c9e/thiet-ke-chua-co-ten-2-20241222051610-xvfyd.gif]
[w.ladicdn.com/s1200x450/6556fd0e35090f0012fd2c9e/thuong-100-nap-dau_0001_100-20241019115543-msutc.png]
[w.ladicdn.com/s950x400/6556fd0e35090f0012fd2c9e/1920x880_0000_vector-smart-object-20241013110915-gce0q.png]
[w.ladicdn.com/s1050x800/6556fd0e35090f0012fd2c9e/thiet-ke-chua-co-ten-1-20250306063842-cr5hw.png]
[w.ladicdn.com/s700x700/6556fd0e35090f0012fd2c9e/thiet-ke-chua-co-ten-3-20250306064302-4xf01.png]
[w.ladicdn.com/s1250x600/6556fd0e35090f0012fd2c9e/ec96c233aa93a04c3cb1857ac56bc6b1596858a02b7c8-rnukea_fw1200-20250306073157-flxzq.png]
[w.ladicdn.com/s1550x650/6556fd0e35090f0012fd2c9e/ec96c233aa93a04c3cb1857ac56bc6b1596858a02b7c8-rnukea_fw1200-20250306073157-flxzq.png]
[w.ladicdn.com/s1150x550/6556fd0e35090f0012fd2c9e/ec96c233aa93a04c3cb1857ac56bc6b1596858a02b7c8-rnukea_fw1200-20250306073157-flxzq.png]
[w.ladicdn.com/s1300x500/6556fd0e35090f0012fd2c9e/maya-sua_0000_line-1-copy-3-20241013065830-bm-d8.png]
[w.ladicdn.com/s650x450/66f1588fc4be0b0074e1c09a/05-04-2_0007_f8bet_2-color-01-20250405134845-zlg00.png]
[w.ladicdn.com/s1050x450/66f1588fc4be0b0074e1c09a/tan-thu-free-58k-20250411072138-i5rnh.png]
[w.ladicdn.com/s551x109/6556fd0e35090f0012fd2c9e/4-20250409141345-x1uiw-1-20250410140715-ud5pv.png]
[w.ladicdn.com/s768x955/66f1588fc4be0b0074e1c09a/untitled-3_0005_photo_2024-03-23_21-22-47-20250306061948-oagdw.png]
[w.ladicdn.com/s1150x1350/6556fd0e35090f0012fd2c9e/c1e4cb06ee84a94cfad366f383bacd75-20250306072013-kbcb5.png]
[w.ladicdn.com/s750x350/6556fd0e35090f0012fd2c9e/layer-2-20250306073027-gpjgq.png]
[w.ladicdn.com/s750x400/6556fd0e35090f0012fd2c9e/thuong-100-nap-dau_0001_100-20241019115543-msutc.png]
[w.ladicdn.com/s700x350/6556fd0e35090f0012fd2c9e/1920x880_0000_vector-smart-object-20241013110915-gce0q.png]
[w.ladicdn.com/s750x700/6556fd0e35090f0012fd2c9e/thiet-ke-chua-co-ten-3-20250306064302-4xf01.png]
[w.ladicdn.com/s750x600/6556fd0e35090f0012fd2c9e/thiet-ke-chua-co-ten-1-20250306063842-cr5hw.png]
[w.ladicdn.com/s750x450/6556fd0e35090f0012fd2c9e/ec96c233aa93a04c3cb1857ac56bc6b1596858a02b7c8-rnukea_fw1200-20250306073157-flxzq.png]
[w.ladicdn.com/s950x500/6556fd0e35090f0012fd2c9e/ec96c233aa93a04c3cb1857ac56bc6b1596858a02b7c8-rnukea_fw1200-20250306073157-flxzq.png]
[w.ladicdn.com/s1050x500/6556fd0e35090f0012fd2c9e/ec96c233aa93a04c3cb1857ac56bc6b1596858a02b7c8-rnukea_fw1200-20250306073157-flxzq.png]
[w.ladicdn.com/s750x400/6556fd0e35090f0012fd2c9e/maya-sua_0000_line-1-copy-3-20241013065830-bm-d8.png]
[w.ladicdn.com/s500x400/66f1588fc4be0b0074e1c09a/05-04-2_0007_f8bet_2-color-01-20250405134845-zlg00.png]
[w.ladicdn.com/s750x400/66f1588fc4be0b0074e1c09a/tan-thu-free-58k-20250411072138-i5rnh.png]
[w.ladicdn.com/s348x74/6556fd0e35090f0012fd2c9e/4-20250409141345-x1uiw-1-20250410140715-ud5pv.png]
[ctf8khuyenmaivip.pro/index.html]
[connect.facebook.net/en_US/fbevents.js]
[ctf8khuyenmaivip.pro/a]
[ctf8khuyenmaivip.pro/POST]
[ctf8khuyenmaivip.pro/b.resolvedLink]
[ctf8khuyenmaivip.pro/schema.org/index.html]
[ctf8khuyenmaivip.pro/d.22.delayed]
[ctf8khuyenmaivip.pro/signals/iwl.js]
[ctf8khuyenmaivip.pro/c.dl]
[ctf8khuyenmaivip.pro/c.rl]
[connect.facebook.net/en_US/fbevents.js]
[ctf8khuyenmaivip.pro/a.html]
[ctf8khuyenmaivip.pro/POST.html]
[ctf8khuyenmaivip.pro/schema.org/index.html]
[ctf8khuyenmaivip.pro/b.html]
[ctf8khuyenmaivip.pro/d.html]
[ctf8khuyenmaivip.pro/signals/iwl.html]
[ctf8khuyenmaivip.pro/c.html]
[ctf8khuyenmaivip.pro/c-2.html]
